<?xml version="1.0" encoding="UTF-8"?>
<!-- Generated by org.testng.reporters.JUnitReportReporter -->
<testsuite skipped="0" hostname="DESKTOP-9D0UF9G" name="main.MainClass" tests="4" failures="0" timestamp="2020-10-24T04:15:07 IST" time="57.166" errors="0">
  <testcase name="login" time="6.203" classname="main.MainClass"/>
  <system-out/>
  <testcase name="address" time="5.842" classname="main.MainClass"/>
  <system-out/>
  <testcase name="selectDress" time="28.508" classname="main.MainClass"/>
  <system-out/>
  <testcase name="checkout" time="16.613" classname="main.MainClass"/>
  <system-out/>
</testsuite> <!-- main.MainClass -->
